<?xml version="1.0" encoding="UTF-8"?>
<coverage generated="1753431420196" clover="3.2.0">
  <project timestamp="1753431420196" name="All files">
    <metrics statements="29" coveredstatements="0" conditionals="12" coveredconditionals="0" methods="4" coveredmethods="0" elements="45" coveredelements="0" complexity="0" loc="29" ncloc="29" packages="1" files="2" classes="2"/>
    <file name="database.js" path="/Users/emirhanipek/Desktop/Sirius/Test Generator - Api/test-generator-api/workspace/repo-502e1353-0544-4e11-8c0c-fb15e5faf706/src/config/database.js">
      <metrics statements="17" coveredstatements="0" conditionals="10" coveredconditionals="0" methods="2" coveredmethods="0"/>
      <line num="1" count="0" type="stmt"/>
      <line num="2" count="0" type="stmt"/>
      <line num="5" count="0" type="stmt"/>
      <line num="17" count="0" type="stmt"/>
      <line num="18" count="0" type="stmt"/>
      <line num="19" count="0" type="stmt"/>
      <line num="20" count="0" type="stmt"/>
      <line num="21" count="0" type="stmt"/>
      <line num="23" count="0" type="stmt"/>
      <line num="24" count="0" type="stmt"/>
      <line num="28" count="0" type="stmt"/>
      <line num="29" count="0" type="stmt"/>
      <line num="30" count="0" type="stmt"/>
      <line num="31" count="0" type="cond" truecount="0" falsecount="2"/>
      <line num="32" count="0" type="stmt"/>
      <line num="34" count="0" type="stmt"/>
      <line num="40" count="0" type="stmt"/>
    </file>
    <file name="user.js" path="/Users/emirhanipek/Desktop/Sirius/Test Generator - Api/test-generator-api/workspace/repo-502e1353-0544-4e11-8c0c-fb15e5faf706/src/config/user.js">
      <metrics statements="12" coveredstatements="0" conditionals="2" coveredconditionals="0" methods="2" coveredmethods="0"/>
      <line num="1" count="0" type="stmt"/>
      <line num="2" count="0" type="stmt"/>
      <line num="3" count="0" type="stmt"/>
      <line num="4" count="0" type="stmt"/>
      <line num="5" count="0" type="stmt"/>
      <line num="7" count="0" type="stmt"/>
      <line num="11" count="0" type="stmt"/>
      <line num="12" count="0" type="stmt"/>
      <line num="13" count="0" type="stmt"/>
      <line num="14" count="0" type="cond" truecount="0" falsecount="2"/>
      <line num="15" count="0" type="stmt"/>
      <line num="17" count="0" type="stmt"/>
    </file>
  </project>
</coverage>
