{"/Users/emirhanipek/Desktop/Sirius/Test Generator - Api/test-generator-api/workspace/repo-502e1353-0544-4e11-8c0c-fb15e5faf706/src/config/database.js": {"path":"/Users/emirhanipek/Desktop/Sirius/Test Generator - Api/test-generator-api/workspace/repo-502e1353-0544-4e11-8c0c-fb15e5faf706/src/config/database.js","statementMap":{"0":{"start":{"line":1,"column":14},"end":{"line":1,"column":39}},"1":{"start":{"line":2,"column":0},"end":{"line":2,"column":27}},"2":{"start":{"line":5,"column":13},"end":{"line":13,"column":2}},"3":{"start":{"line":17,"column":4},"end":{"line":25,"column":5}},"4":{"start":{"line":18,"column":27},"end":{"line":18,"column":53}},"5":{"start":{"line":19,"column":8},"end":{"line":19,"column":64}},"6":{"start":{"line":20,"column":8},"end":{"line":20,"column":29}},"7":{"start":{"line":21,"column":8},"end":{"line":21,"column":20}},"8":{"start":{"line":23,"column":8},"end":{"line":23,"column":60}},"9":{"start":{"line":24,"column":8},"end":{"line":24,"column":21}},"10":{"start":{"line":28,"column":20},"end":{"line":36,"column":1}},"11":{"start":{"line":29,"column":2},"end":{"line":35,"column":3}},"12":{"start":{"line":30,"column":17},"end":{"line":30,"column":51}},"13":{"start":{"line":31,"column":4},"end":{"line":31,"column":80}},"14":{"start":{"line":31,"column":15},"end":{"line":31,"column":80}},"15":{"start":{"line":32,"column":4},"end":{"line":32,"column":31}},"16":{"start":{"line":34,"column":4},"end":{"line":34,"column":60}},"17":{"start":{"line":40,"column":0},"end":{"line":43,"column":2}}},"fnMap":{"0":{"name":"testConnection","decl":{"start":{"line":16,"column":15},"end":{"line":16,"column":29}},"loc":{"start":{"line":16,"column":32},"end":{"line":26,"column":1}},"line":16},"1":{"name":"(anonymous_1)","decl":{"start":{"line":28,"column":20},"end":{"line":28,"column":21}},"loc":{"start":{"line":28,"column":40},"end":{"line":36,"column":1}},"line":28}},"branchMap":{"0":{"loc":{"start":{"line":6,"column":10},"end":{"line":6,"column":44}},"type":"binary-expr","locations":[{"start":{"line":6,"column":10},"end":{"line":6,"column":29}},{"start":{"line":6,"column":33},"end":{"line":6,"column":44}}],"line":6},"1":{"loc":{"start":{"line":7,"column":10},"end":{"line":7,"column":39}},"type":"binary-expr","locations":[{"start":{"line":7,"column":10},"end":{"line":7,"column":29}},{"start":{"line":7,"column":33},"end":{"line":7,"column":39}}],"line":7},"2":{"loc":{"start":{"line":8,"column":14},"end":{"line":8,"column":52}},"type":"binary-expr","locations":[{"start":{"line":8,"column":14},"end":{"line":8,"column":37}},{"start":{"line":8,"column":41},"end":{"line":8,"column":52}}],"line":8},"3":{"loc":{"start":{"line":9,"column":14},"end":{"line":9,"column":47}},"type":"binary-expr","locations":[{"start":{"line":9,"column":14},"end":{"line":9,"column":33}},{"start":{"line":9,"column":37},"end":{"line":9,"column":47}}],"line":9},"4":{"loc":{"start":{"line":31,"column":4},"end":{"line":31,"column":80}},"type":"if","locations":[{"start":{"line":31,"column":4},"end":{"line":31,"column":80}},{"start":{},"end":{}}],"line":31}},"s":{"0":0,"1":0,"2":0,"3":0,"4":0,"5":0,"6":0,"7":0,"8":0,"9":0,"10":0,"11":0,"12":0,"13":0,"14":0,"15":0,"16":0,"17":0},"f":{"0":0,"1":0},"b":{"0":[0,0],"1":[0,0],"2":[0,0],"3":[0,0],"4":[0,0]}}
,"/Users/emirhanipek/Desktop/Sirius/Test Generator - Api/test-generator-api/workspace/repo-502e1353-0544-4e11-8c0c-fb15e5faf706/src/config/user.js": {"path":"/Users/emirhanipek/Desktop/Sirius/Test Generator - Api/test-generator-api/workspace/repo-502e1353-0544-4e11-8c0c-fb15e5faf706/src/config/user.js","statementMap":{"0":{"start":{"line":1,"column":19},"end":{"line":9,"column":1}},"1":{"start":{"line":2,"column":2},"end":{"line":8,"column":3}},"2":{"start":{"line":3,"column":20},"end":{"line":3,"column":38}},"3":{"start":{"line":4,"column":4},"end":{"line":4,"column":25}},"4":{"start":{"line":5,"column":4},"end":{"line":5,"column":34}},"5":{"start":{"line":7,"column":4},"end":{"line":7,"column":73}},"6":{"start":{"line":11,"column":19},"end":{"line":19,"column":1}},"7":{"start":{"line":12,"column":2},"end":{"line":18,"column":3}},"8":{"start":{"line":13,"column":24},"end":{"line":13,"column":67}},"9":{"start":{"line":14,"column":4},"end":{"line":14,"column":87}},"10":{"start":{"line":14,"column":22},"end":{"line":14,"column":87}},"11":{"start":{"line":15,"column":4},"end":{"line":15,"column":59}},"12":{"start":{"line":17,"column":4},"end":{"line":17,"column":76}}},"fnMap":{"0":{"name":"(anonymous_0)","decl":{"start":{"line":1,"column":19},"end":{"line":1,"column":20}},"loc":{"start":{"line":1,"column":39},"end":{"line":9,"column":1}},"line":1},"1":{"name":"(anonymous_1)","decl":{"start":{"line":11,"column":19},"end":{"line":11,"column":20}},"loc":{"start":{"line":11,"column":39},"end":{"line":19,"column":1}},"line":11}},"branchMap":{"0":{"loc":{"start":{"line":14,"column":4},"end":{"line":14,"column":87}},"type":"if","locations":[{"start":{"line":14,"column":4},"end":{"line":14,"column":87}},{"start":{},"end":{}}],"line":14}},"s":{"0":0,"1":0,"2":0,"3":0,"4":0,"5":0,"6":0,"7":0,"8":0,"9":0,"10":0,"11":0,"12":0},"f":{"0":0,"1":0},"b":{"0":[0,0]}}
}
